e:\simpleprogram1\simpleprogram1\debug\simpleprogram1.pch
e:\simpleprogram1\simpleprogram1\debug\stdafx.obj
e:\simpleprogram1\simpleprogram1\debug\vc110.pdb
e:\simpleprogram1\simpleprogram1\debug\coil.obj
e:\simpleprogram1\simpleprogram1\debug\main.obj
e:\simpleprogram1\simpleprogram1\debug\xky_hbo_4_0.obj
e:\simpleprogram1\simpleprogram1\debug\xky_hbo_4_1.obj
e:\simpleprogram1\simpleprogram1\debug\xky_hbo_4_2.obj
e:\simpleprogram1\simpleprogram1\debug\xky_hbo_4_6.obj
e:\simpleprogram1\debug\simpleprogram1.ilk
e:\simpleprogram1\debug\simpleprogram1.exe
e:\simpleprogram1\debug\simpleprogram1.pdb
c:\users\evgps\documents\github\space_navi\simpleprogram1\simpleprogram1\debug\coil.obj
c:\users\evgps\documents\github\space_navi\simpleprogram1\simpleprogram1\debug\stdafx.obj
c:\users\evgps\documents\github\space_navi\simpleprogram1\simpleprogram1\debug\xky_hbo_4_0.obj
c:\users\evgps\documents\github\space_navi\simpleprogram1\simpleprogram1\debug\xky_hbo_4_1.obj
c:\users\evgps\documents\github\space_navi\simpleprogram1\simpleprogram1\debug\xky_hbo_4_2.obj
c:\users\evgps\documents\github\space_navi\simpleprogram1\simpleprogram1\debug\xky_hbo_4_6.obj
c:\users\evgps\documents\github\space_navi\simpleprogram1\simpleprogram1\debug\cl.command.1.tlog
c:\users\evgps\documents\github\space_navi\simpleprogram1\simpleprogram1\debug\cl.read.1.tlog
c:\users\evgps\documents\github\space_navi\simpleprogram1\simpleprogram1\debug\cl.write.1.tlog
c:\users\evgps\documents\github\space_navi\simpleprogram1\simpleprogram1\debug\link-cvtres.read.1.tlog
c:\users\evgps\documents\github\space_navi\simpleprogram1\simpleprogram1\debug\link-cvtres.write.1.tlog
c:\users\evgps\documents\github\space_navi\simpleprogram1\simpleprogram1\debug\link-rc.read.1.tlog
c:\users\evgps\documents\github\space_navi\simpleprogram1\simpleprogram1\debug\link-rc.write.1.tlog
c:\users\evgps\documents\github\space_navi\simpleprogram1\simpleprogram1\debug\link.command.1.tlog
c:\users\evgps\documents\github\space_navi\simpleprogram1\simpleprogram1\debug\link.read.1.tlog
c:\users\evgps\documents\github\space_navi\simpleprogram1\simpleprogram1\debug\link.write.1.tlog
c:\users\evgps\documents\github\space_navi\simpleprogram1\simpleprogram1\debug\simpleprogram1.pch
c:\users\evgps\documents\github\space_navi\simpleprogram1\simpleprogram1\debug\vc110.idb
c:\users\evgps\documents\github\space_navi\simpleprogram1\simpleprogram1\debug\vc110.pdb
c:\users\evgps\documents\github\space_navi\simpleprogram1\debug\simpleprogram1.pdb
c:\users\evgps\documents\github\space_navi\simpleprogram1\debug\simpleprogram1.exe
c:\users\evgps\documents\github\space_navi\simpleprogram1\debug\simpleprogram1.ilk
